[ 2025-09-10 16:39:07,662 ] 97 werkzeug - INFO - [31m[1mWARNING: This is a development server. Do not use it in a production deployment. Use a production WSGI server instead.[0m
 * Running on all addresses (0.0.0.0)
 * Running on http://127.0.0.1:8000
 * Running on http://192.168.1.36:8000
[ 2025-09-10 16:39:07,662 ] 97 werkzeug - INFO - [33mPress CTRL+C to quit[0m
[ 2025-09-10 16:39:07,662 ] 97 werkzeug - INFO -  * Restarting with stat
[ 2025-09-10 16:44:43,146 ] 97 werkzeug - INFO -  * Restarting with stat
[ 2025-09-10 16:44:46,487 ] 97 werkzeug - INFO -  * Restarting with stat
[ 2025-09-10 16:45:34,009 ] 97 werkzeug - INFO -  * Restarting with stat
[ 2025-09-10 16:45:36,212 ] 97 werkzeug - INFO -  * Restarting with stat
[ 2025-09-10 22:23:04,020 ] 97 werkzeug - INFO -  * Restarting with stat
[ 2025-09-10 22:23:11,370 ] 97 werkzeug - INFO -  * Restarting with stat
[ 2025-09-10 22:23:22,688 ] 97 werkzeug - INFO -  * Restarting with stat
[ 2025-09-10 22:56:12,095 ] 97 werkzeug - INFO -  * Restarting with stat
[ 2025-09-10 22:56:19,002 ] 97 werkzeug - INFO -  * Restarting with stat
[ 2025-09-10 22:56:24,332 ] 97 werkzeug - INFO -  * Restarting with stat
[ 2025-09-10 22:56:34,869 ] 97 werkzeug - INFO -  * Restarting with stat
[ 2025-09-10 22:56:39,181 ] 97 werkzeug - INFO -  * Restarting with stat
[ 2025-09-10 22:56:42,567 ] 97 werkzeug - INFO -  * Restarting with stat
[ 2025-09-10 22:57:26,140 ] 97 werkzeug - INFO -  * Restarting with stat
[ 2025-09-10 22:57:34,504 ] 97 werkzeug - INFO -  * Restarting with stat
[ 2025-09-10 22:57:36,813 ] 97 werkzeug - INFO -  * Restarting with stat
[ 2025-09-10 22:57:43,236 ] 97 werkzeug - INFO -  * Restarting with stat
[ 2025-09-10 22:58:25,248 ] 97 werkzeug - INFO -  * Restarting with stat
